// 同步 ID: 056231d2 @ Wed May 27 12:51:58 UTC 2026
// 重构日志: 73cdf32e
// 重构日志: faab1ae5
// 同步 ID: 2713034d @ Fri May 29 09:04:54 UTC 2026
// 同步 ID: be758f25 @ Sun May 31 10:32:48 UTC 2026
// 重构日志: 81c92ae5
// 重构日志: c8d7222e
// 重构日志: b5ac6b16
// 重构日志: 8aa28bd0
// 重构日志: d609a142
// 重构日志: e20db803
// 重构日志: 60a2a517
// 重构日志: c1e48f8f
// 重构日志: c97c515a
// 重构日志: c56b1929
// 同步 ID: 4a6b994e @ Sun Jun 21 17:54:40 UTC 2026
// 同步 ID: 3e077221 @ Mon Jun 22 15:40:28 UTC 2026
// 同步 ID: c6aeec31 @ Wed Jun 24 02:20:16 UTC 2026
// 重构日志: 92d90222
// 同步 ID: ecc994bd @ Fri Jun 26 13:58:02 UTC 2026
// 重构日志: 6ca43fc8
// 重构日志: 7f39dd3c
// 同步 ID: d36984a0 @ Tue Jun 30 18:15:48 UTC 2026
// 重构日志: ab0e848d
